<?xml version="1.0" encoding="UTF-8"?>
<testng-results ignored="0" total="1" passed="1" failed="0" skipped="0">
  <reporter-output>
  </reporter-output>
  <suite started-at="2023-07-08T17:14:26 PDT" name="Surefire suite" finished-at="2023-07-08T17:14:26 PDT" duration-ms="27">
    <groups>
    </groups>
    <test started-at="2023-07-08T17:14:26 PDT" name="Surefire test" finished-at="2023-07-08T17:14:26 PDT" duration-ms="27">
      <class name="SeleniumTestNGWithMaven.SeleniumTestNG.AppTest">
        <test-method signature="shouldAnswerWithTrue()" started-at="2023-07-08T17:14:26 PDT" name="shouldAnswerWithTrue" finished-at="2023-07-08T17:14:26 PDT" duration-ms="2" status="PASS">
          <reporter-output>
          </reporter-output>
        </test-method> <!-- shouldAnswerWithTrue -->
      </class> <!-- SeleniumTestNGWithMaven.SeleniumTestNG.AppTest -->
    </test> <!-- Surefire test -->
  </suite> <!-- Surefire suite -->
</testng-results>
