<?xml version="1.0" encoding="UTF-8"?>
<!-- Generated by org.testng.reporters.JUnitXMLReporter -->
<testsuite ignored="0" hostname="Anuradha-Dell" failures="0" tests="4" name="Default test" time="46.999" errors="0" timestamp="2023-07-08T20:29:13 PDT">
  <testcase classname="SeleniumTestNGWithMaven.SeleniumTestNG.TestCase2" name="clickBestsellers" time="2.715"/>
  <testcase classname="SeleniumTestNGWithMaven.SeleniumTestNG.TestCase2" name="pageTitleCompare" time="0.388"/>
  <testcase classname="SeleniumTestNGWithMaven.SeleniumTestNG.TestCase2" name="clickNewReleases" time="2.735"/>
  <testcase classname="SeleniumTestNGWithMaven.SeleniumTestNG.TestCase2" name="navigateBack" time="3.382"/>
</testsuite> <!-- Default test -->
