<?xml version="1.0" encoding="UTF-8"?>
<testng-results ignored="0" total="1" passed="1" failed="0" skipped="0">
  <reporter-output>
  </reporter-output>
  <suite started-at="2023-07-08T17:14:22 PDT" name="Surefire suite" finished-at="2023-07-08T17:14:26 PDT" duration-ms="3331">
    <groups>
    </groups>
    <test started-at="2023-07-08T17:14:22 PDT" name="Surefire test" finished-at="2023-07-08T17:14:26 PDT" duration-ms="3331">
      <class name="SeleniumTestNGWithMaven.SeleniumTestNG.TestCase1">
        <test-method signature="Testcase1()[pri:0, instance:SeleniumTestNGWithMaven.SeleniumTestNG.TestCase1@6a01e23]" started-at="2023-07-08T17:14:22 PDT" name="Testcase1" finished-at="2023-07-08T17:14:26 PDT" duration-ms="3299" status="PASS">
          <reporter-output>
          </reporter-output>
        </test-method> <!-- Testcase1 -->
      </class> <!-- SeleniumTestNGWithMaven.SeleniumTestNG.TestCase1 -->
    </test> <!-- Surefire test -->
  </suite> <!-- Surefire suite -->
</testng-results>
