<?xml version="1.0" encoding="UTF-8"?>
<testng-results ignored="0" total="4" passed="4" failed="0" skipped="0">
  <reporter-output>
  </reporter-output>
  <suite started-at="2023-07-08T20:28:26 PDT" name="Default suite" finished-at="2023-07-08T20:29:13 PDT" duration-ms="46999">
    <groups>
    </groups>
    <test started-at="2023-07-08T20:28:26 PDT" name="Default test" finished-at="2023-07-08T20:29:13 PDT" duration-ms="46999">
      <class name="SeleniumTestNGWithMaven.SeleniumTestNG.TestCase2">
        <test-method is-config="true" signature="launchBrowser()[pri:0, instance:SeleniumTestNGWithMaven.SeleniumTestNG.TestCase2@292b08d6]" started-at="2023-07-08T20:28:26 PDT" name="launchBrowser" finished-at="2023-07-08T20:28:37 PDT" duration-ms="10968" status="PASS">
          <reporter-output>
          </reporter-output>
        </test-method> <!-- launchBrowser -->
        <test-method signature="clickBestsellers()[pri:0, instance:SeleniumTestNGWithMaven.SeleniumTestNG.TestCase2@292b08d6]" started-at="2023-07-08T20:28:37 PDT" name="clickBestsellers" finished-at="2023-07-08T20:28:40 PDT" duration-ms="2715" status="PASS">
          <reporter-output>
          </reporter-output>
        </test-method> <!-- clickBestsellers -->
        <test-method is-config="true" signature="closeBrowser()[pri:0, instance:SeleniumTestNGWithMaven.SeleniumTestNG.TestCase2@292b08d6]" started-at="2023-07-08T20:28:40 PDT" name="closeBrowser" finished-at="2023-07-08T20:28:40 PDT" duration-ms="331" status="PASS">
          <reporter-output>
          </reporter-output>
        </test-method> <!-- closeBrowser -->
        <test-method is-config="true" signature="launchBrowser()[pri:0, instance:SeleniumTestNGWithMaven.SeleniumTestNG.TestCase2@292b08d6]" started-at="2023-07-08T20:28:40 PDT" name="launchBrowser" finished-at="2023-07-08T20:28:49 PDT" duration-ms="9065" status="PASS">
          <reporter-output>
          </reporter-output>
        </test-method> <!-- launchBrowser -->
        <test-method signature="pageTitleCompare()[pri:1, instance:SeleniumTestNGWithMaven.SeleniumTestNG.TestCase2@292b08d6]" started-at="2023-07-08T20:28:49 PDT" name="pageTitleCompare" finished-at="2023-07-08T20:28:50 PDT" duration-ms="388" status="PASS">
          <reporter-output>
          </reporter-output>
        </test-method> <!-- pageTitleCompare -->
        <test-method is-config="true" signature="closeBrowser()[pri:0, instance:SeleniumTestNGWithMaven.SeleniumTestNG.TestCase2@292b08d6]" started-at="2023-07-08T20:28:50 PDT" name="closeBrowser" finished-at="2023-07-08T20:28:50 PDT" duration-ms="291" status="PASS">
          <reporter-output>
          </reporter-output>
        </test-method> <!-- closeBrowser -->
        <test-method is-config="true" signature="launchBrowser()[pri:0, instance:SeleniumTestNGWithMaven.SeleniumTestNG.TestCase2@292b08d6]" started-at="2023-07-08T20:28:50 PDT" name="launchBrowser" finished-at="2023-07-08T20:28:59 PDT" duration-ms="9057" status="PASS">
          <reporter-output>
          </reporter-output>
        </test-method> <!-- launchBrowser -->
        <test-method signature="clickNewReleases()[pri:2, instance:SeleniumTestNGWithMaven.SeleniumTestNG.TestCase2@292b08d6]" started-at="2023-07-08T20:28:59 PDT" name="clickNewReleases" finished-at="2023-07-08T20:29:02 PDT" duration-ms="2735" status="PASS">
          <reporter-output>
          </reporter-output>
        </test-method> <!-- clickNewReleases -->
        <test-method is-config="true" signature="closeBrowser()[pri:0, instance:SeleniumTestNGWithMaven.SeleniumTestNG.TestCase2@292b08d6]" started-at="2023-07-08T20:29:02 PDT" name="closeBrowser" finished-at="2023-07-08T20:29:02 PDT" duration-ms="200" status="PASS">
          <reporter-output>
          </reporter-output>
        </test-method> <!-- closeBrowser -->
        <test-method is-config="true" signature="launchBrowser()[pri:0, instance:SeleniumTestNGWithMaven.SeleniumTestNG.TestCase2@292b08d6]" started-at="2023-07-08T20:29:02 PDT" name="launchBrowser" finished-at="2023-07-08T20:29:09 PDT" duration-ms="7321" status="PASS">
          <reporter-output>
          </reporter-output>
        </test-method> <!-- launchBrowser -->
        <test-method signature="navigateBack()[pri:3, instance:SeleniumTestNGWithMaven.SeleniumTestNG.TestCase2@292b08d6]" started-at="2023-07-08T20:29:09 PDT" name="navigateBack" finished-at="2023-07-08T20:29:13 PDT" duration-ms="3382" status="PASS">
          <reporter-output>
          </reporter-output>
        </test-method> <!-- navigateBack -->
        <test-method is-config="true" signature="closeBrowser()[pri:0, instance:SeleniumTestNGWithMaven.SeleniumTestNG.TestCase2@292b08d6]" started-at="2023-07-08T20:29:13 PDT" name="closeBrowser" finished-at="2023-07-08T20:29:13 PDT" duration-ms="446" status="PASS">
          <reporter-output>
          </reporter-output>
        </test-method> <!-- closeBrowser -->
      </class> <!-- SeleniumTestNGWithMaven.SeleniumTestNG.TestCase2 -->
    </test> <!-- Default test -->
  </suite> <!-- Default suite -->
</testng-results>
